2025-04-19T14:14:41.726+05:00  INFO 21068 --- [movies] [main] com.example.movies.MoviesApplication     : Starting MoviesApplication using Java 21.0.6 with PID 21068 (C:\Users\festo\Desktop\projects\movies\target\classes started by festo in C:\Users\festo\Desktop\projects\movies)
2025-04-19T14:14:41.731+05:00 DEBUG 21068 --- [movies] [main] com.example.movies.MoviesApplication     : Running with Spring Boot v3.4.3, Spring v6.2.3
2025-04-19T14:14:41.732+05:00  INFO 21068 --- [movies] [main] com.example.movies.MoviesApplication     : No active profile set, falling back to 1 default profile: "default"
2025-04-19T14:14:42.536+05:00  INFO 21068 --- [movies] [main] .s.d.r.c.RepositoryConfigurationDelegate : Multiple Spring Data modules found, entering strict repository configuration mode
2025-04-19T14:14:42.539+05:00  INFO 21068 --- [movies] [main] .s.d.r.c.RepositoryConfigurationDelegate : Bootstrapping Spring Data JPA repositories in DEFAULT mode.
2025-04-19T14:14:42.744+05:00  INFO 21068 --- [movies] [main] .s.d.r.c.RepositoryConfigurationDelegate : Finished Spring Data repository scanning in 196 ms. Found 6 JPA repository interfaces.
2025-04-19T14:14:42.761+05:00  INFO 21068 --- [movies] [main] .s.d.r.c.RepositoryConfigurationDelegate : Multiple Spring Data modules found, entering strict repository configuration mode
2025-04-19T14:14:42.763+05:00  INFO 21068 --- [movies] [main] .s.d.r.c.RepositoryConfigurationDelegate : Bootstrapping Spring Data Redis repositories in DEFAULT mode.
2025-04-19T14:14:42.783+05:00  INFO 21068 --- [movies] [main] .RepositoryConfigurationExtensionSupport : Spring Data Redis - Could not safely identify store assignment for repository candidate interface com.example.movies.repository.AuthorRepository; If you want this repository to be a Redis repository, consider annotating your entities with one of these annotations: org.springframework.data.redis.core.RedisHash (preferred), or consider extending one of the following types with your repository: org.springframework.data.keyvalue.repository.KeyValueRepository
2025-04-19T14:14:42.784+05:00  INFO 21068 --- [movies] [main] .RepositoryConfigurationExtensionSupport : Spring Data Redis - Could not safely identify store assignment for repository candidate interface com.example.movies.repository.GenreRepository; If you want this repository to be a Redis repository, consider annotating your entities with one of these annotations: org.springframework.data.redis.core.RedisHash (preferred), or consider extending one of the following types with your repository: org.springframework.data.keyvalue.repository.KeyValueRepository
2025-04-19T14:14:42.784+05:00  INFO 21068 --- [movies] [main] .RepositoryConfigurationExtensionSupport : Spring Data Redis - Could not safely identify store assignment for repository candidate interface com.example.movies.repository.MovieRepository; If you want this repository to be a Redis repository, consider annotating your entities with one of these annotations: org.springframework.data.redis.core.RedisHash (preferred), or consider extending one of the following types with your repository: org.springframework.data.keyvalue.repository.KeyValueRepository
2025-04-19T14:14:42.785+05:00  INFO 21068 --- [movies] [main] .RepositoryConfigurationExtensionSupport : Spring Data Redis - Could not safely identify store assignment for repository candidate interface com.example.movies.repository.ReviewRepository; If you want this repository to be a Redis repository, consider annotating your entities with one of these annotations: org.springframework.data.redis.core.RedisHash (preferred), or consider extending one of the following types with your repository: org.springframework.data.keyvalue.repository.KeyValueRepository
2025-04-19T14:14:42.785+05:00  INFO 21068 --- [movies] [main] .RepositoryConfigurationExtensionSupport : Spring Data Redis - Could not safely identify store assignment for repository candidate interface com.example.movies.repository.RoleRepository; If you want this repository to be a Redis repository, consider annotating your entities with one of these annotations: org.springframework.data.redis.core.RedisHash (preferred), or consider extending one of the following types with your repository: org.springframework.data.keyvalue.repository.KeyValueRepository
2025-04-19T14:14:42.786+05:00  INFO 21068 --- [movies] [main] .RepositoryConfigurationExtensionSupport : Spring Data Redis - Could not safely identify store assignment for repository candidate interface com.example.movies.repository.UserRepository; If you want this repository to be a Redis repository, consider annotating your entities with one of these annotations: org.springframework.data.redis.core.RedisHash (preferred), or consider extending one of the following types with your repository: org.springframework.data.keyvalue.repository.KeyValueRepository
2025-04-19T14:14:42.786+05:00  INFO 21068 --- [movies] [main] .s.d.r.c.RepositoryConfigurationDelegate : Finished Spring Data repository scanning in 11 ms. Found 0 Redis repository interfaces.
2025-04-19T14:14:43.442+05:00  INFO 21068 --- [movies] [main] o.s.b.w.embedded.tomcat.TomcatWebServer  : Tomcat initialized with port 8081 (http)
2025-04-19T14:14:43.456+05:00  INFO 21068 --- [movies] [main] o.apache.catalina.core.StandardService   : Starting service [Tomcat]
2025-04-19T14:14:43.458+05:00  INFO 21068 --- [movies] [main] o.apache.catalina.core.StandardEngine    : Starting Servlet engine: [Apache Tomcat/10.1.36]
2025-04-19T14:14:43.515+05:00  INFO 21068 --- [movies] [main] o.a.c.c.C.[Tomcat].[localhost].[/]       : Initializing Spring embedded WebApplicationContext
2025-04-19T14:14:43.516+05:00  INFO 21068 --- [movies] [main] w.s.c.ServletWebServerApplicationContext : Root WebApplicationContext: initialization completed in 1735 ms
2025-04-19T14:14:43.648+05:00  INFO 21068 --- [movies] [main] o.hibernate.jpa.internal.util.LogHelper  : HHH000204: Processing PersistenceUnitInfo [name: default]
2025-04-19T14:14:43.710+05:00  INFO 21068 --- [movies] [main] org.hibernate.Version                    : HHH000412: Hibernate ORM core version 6.6.8.Final
2025-04-19T14:14:43.742+05:00  INFO 21068 --- [movies] [main] o.h.c.internal.RegionFactoryInitiator    : HHH000026: Second-level cache disabled
2025-04-19T14:14:44.021+05:00  INFO 21068 --- [movies] [main] o.s.o.j.p.SpringPersistenceUnitInfo      : No LoadTimeWeaver setup: ignoring JPA class transformer
2025-04-19T14:14:44.048+05:00  INFO 21068 --- [movies] [main] com.zaxxer.hikari.HikariDataSource       : HikariPool-1 - Starting...
2025-04-19T14:14:44.165+05:00  INFO 21068 --- [movies] [main] com.zaxxer.hikari.pool.HikariPool        : HikariPool-1 - Added connection org.postgresql.jdbc.PgConnection@1dfcf85a
2025-04-19T14:14:44.167+05:00  INFO 21068 --- [movies] [main] com.zaxxer.hikari.HikariDataSource       : HikariPool-1 - Start completed.
2025-04-19T14:14:44.241+05:00  INFO 21068 --- [movies] [main] org.hibernate.orm.connections.pooling    : HHH10001005: Database info:
	Database JDBC URL [Connecting through datasource 'HikariDataSource (HikariPool-1)']
	Database driver: undefined/unknown
	Database version: 17.2
	Autocommit mode: undefined/unknown
	Isolation level: undefined/unknown
	Minimum pool size: undefined/unknown
	Maximum pool size: undefined/unknown
2025-04-19T14:14:45.073+05:00  INFO 21068 --- [movies] [main] o.h.e.t.j.p.i.JtaPlatformInitiator       : HHH000489: No JTA platform available (set 'hibernate.transaction.jta.platform' to enable JTA platform integration)
2025-04-19T14:14:45.196+05:00  INFO 21068 --- [movies] [main] j.LocalContainerEntityManagerFactoryBean : Initialized JPA EntityManagerFactory for persistence unit 'default'
2025-04-19T14:14:45.479+05:00 DEBUG 21068 --- [movies] [main] c.e.m.security.JwtAuthenticationFilter   : Filter 'jwtAuthenticationFilter' configured for use
2025-04-19T14:14:46.047+05:00  WARN 21068 --- [movies] [main] JpaBaseConfiguration$JpaWebConfiguration : spring.jpa.open-in-view is enabled by default. Therefore, database queries may be performed during view rendering. Explicitly configure spring.jpa.open-in-view to disable this warning
2025-04-19T14:14:46.084+05:00  INFO 21068 --- [movies] [main] eAuthenticationProviderManagerConfigurer : Global AuthenticationManager configured with AuthenticationProvider bean with name authenticationProvider
2025-04-19T14:14:46.085+05:00  WARN 21068 --- [movies] [main] r$InitializeUserDetailsManagerConfigurer : Global AuthenticationManager configured with an AuthenticationProvider bean. UserDetailsService beans will not be used by Spring Security for automatically configuring username/password login. Consider removing the AuthenticationProvider bean. Alternatively, consider using the UserDetailsService in a manually instantiated DaoAuthenticationProvider. If the current configuration is intentional, to turn off this warning, increase the logging level of 'org.springframework.security.config.annotation.authentication.configuration.InitializeUserDetailsBeanManagerConfigurer' to ERROR
2025-04-19T14:14:46.353+05:00  INFO 21068 --- [movies] [main] o.s.v.b.OptionalValidatorFactoryBean     : Failed to set up a Bean Validation provider: jakarta.validation.NoProviderFoundException: Unable to create a Configuration, because no Jakarta Bean Validation provider could be found. Add a provider like Hibernate Validator (RI) to your classpath.
2025-04-19T14:14:46.733+05:00  INFO 21068 --- [movies] [main] o.s.b.w.embedded.tomcat.TomcatWebServer  : Tomcat started on port 8081 (http) with context path '/'
2025-04-19T14:14:46.740+05:00  INFO 21068 --- [movies] [main] com.example.movies.MoviesApplication     : Started MoviesApplication in 5.42 seconds (process running for 5.785)
2025-04-19T14:15:15.703+05:00  INFO 21068 --- [movies] [http-nio-8081-exec-2] o.a.c.c.C.[Tomcat].[localhost].[/]       : Initializing Spring DispatcherServlet 'dispatcherServlet'
2025-04-19T14:15:15.704+05:00  INFO 21068 --- [movies] [http-nio-8081-exec-2] o.s.web.servlet.DispatcherServlet        : Initializing Servlet 'dispatcherServlet'
2025-04-19T14:15:15.706+05:00  INFO 21068 --- [movies] [http-nio-8081-exec-2] o.s.web.servlet.DispatcherServlet        : Completed initialization in 2 ms
2025-04-19T14:15:16.673+05:00  INFO 21068 --- [movies] [http-nio-8081-exec-10] o.springdoc.api.AbstractOpenApiResource  : Init duration for springdoc-openapi is: 659 ms
2025-04-19T14:15:49.026+05:00  INFO 21068 --- [movies] [http-nio-8081-exec-7] c.e.movies.controller.AuthController     : Пользователь admin1 авторизован
2025-04-19T14:35:22.881+05:00  INFO 21068 --- [movies] [http-nio-8081-exec-5] c.e.movies.controller.AuthController     : Пользователь admin1 авторизован
